{
  "stats": {
    "suites": 22,
    "tests": 69,
    "passes": 69,
    "pending": 0,
    "failures": 0,
    "start": "2021-10-01T15:41:29.196Z",
    "end": "2021-10-01T15:42:12.388Z",
    "duration": 43192,
    "testsRegistered": 69,
    "passPercent": 100,
    "pendingPercent": 0,
    "other": 0,
    "hasOther": false,
    "skipped": 0,
    "hasSkipped": false
  },
  "results": [
    {
      "uuid": "95809d65-320b-424c-bfcb-c40686cb7e29",
      "title": "",
      "fullFile": "cypress/integration/project.spec.js",
      "file": "cypress/integration/project.spec.js",
      "beforeHooks": [],
      "afterHooks": [],
      "tests": [],
      "suites": [
        {
          "uuid": "3d423d2f-7db6-4192-ae99-71ec948cd6df",
          "title": "Trybewarts",
          "fullFile": "",
          "file": "",
          "beforeHooks": [],
          "afterHooks": [],
          "tests": [],
          "suites": [
            {
              "uuid": "329e8895-f4d7-4b41-879f-1b704c217dfc",
              "title": "1 - Crie uma barra verde na parte superior da página",
              "fullFile": "",
              "file": "",
              "beforeHooks": [],
              "afterHooks": [],
              "tests": [
                {
                  "title": "A barra possui a classe `header`",
                  "fullTitle": "Trybewarts 1 - Crie uma barra verde na parte superior da página A barra possui a classe `header`",
                  "timedOut": null,
                  "duration": 738,
                  "state": "passed",
                  "speed": "slow",
                  "pass": true,
                  "fail": false,
                  "pending": false,
                  "context": null,
                  "code": "cy.get(TOP_BAR_SELECTOR).should('exist');",
                  "err": {},
                  "uuid": "c3504904-b588-4c9d-a35b-27d604e2fc34",
                  "parentUUID": "329e8895-f4d7-4b41-879f-1b704c217dfc",
                  "isHook": false,
                  "skipped": false
                },
                {
                  "title": "A classe `header` deve determinar que o elemento é um flex container",
                  "fullTitle": "Trybewarts 1 - Crie uma barra verde na parte superior da página A classe `header` deve determinar que o elemento é um flex container",
                  "timedOut": null,
                  "duration": 248,
                  "state": "passed",
                  "speed": "slow",
                  "pass": true,
                  "fail": false,
                  "pending": false,
                  "context": null,
                  "code": "cy.get(TOP_BAR_SELECTOR).should('have.css', 'display', 'flex');",
                  "err": {},
                  "uuid": "b30c468a-5eb2-4712-abf5-072d149dfc8c",
                  "parentUUID": "329e8895-f4d7-4b41-879f-1b704c217dfc",
                  "isHook": false,
                  "skipped": false
                },
                {
                  "title": "A classe header deve possuir a propriedade `background-color: rgb(50, 167, 145)`",
                  "fullTitle": "Trybewarts 1 - Crie uma barra verde na parte superior da página A classe header deve possuir a propriedade `background-color: rgb(50, 167, 145)`",
                  "timedOut": null,
                  "duration": 197,
                  "state": "passed",
                  "speed": "slow",
                  "pass": true,
                  "fail": false,
                  "pending": false,
                  "context": null,
                  "code": "cy.get(TOP_BAR_SELECTOR).should('have.css', 'background-color', 'rgb(50, 167, 145)');",
                  "err": {},
                  "uuid": "915622dd-fdd3-401b-9154-2a144b88f0ad",
                  "parentUUID": "329e8895-f4d7-4b41-879f-1b704c217dfc",
                  "isHook": false,
                  "skipped": false
                }
              ],
              "suites": [],
              "passes": [
                "c3504904-b588-4c9d-a35b-27d604e2fc34",
                "b30c468a-5eb2-4712-abf5-072d149dfc8c",
                "915622dd-fdd3-401b-9154-2a144b88f0ad"
              ],
              "failures": [],
              "pending": [],
              "skipped": [],
              "duration": 1183,
              "root": false,
              "rootEmpty": false,
              "_timeout": 2000
            },
            {
              "uuid": "ede029ac-8b9b-43c7-aaad-6c07056ae258",
              "title": "2 - Adicione o logotipo da Trybewarts com a classe `trybewarts-header-logo` na barra superior",
              "fullFile": "",
              "file": "",
              "beforeHooks": [],
              "afterHooks": [],
              "tests": [
                {
                  "title": "Existe um elemento img com a classe `trybewarts-header-logo`",
                  "fullTitle": "Trybewarts 2 - Adicione o logotipo da Trybewarts com a classe `trybewarts-header-logo` na barra superior Existe um elemento img com a classe `trybewarts-header-logo`",
                  "timedOut": null,
                  "duration": 213,
                  "state": "passed",
                  "speed": "slow",
                  "pass": true,
                  "fail": false,
                  "pending": false,
                  "context": null,
                  "code": "cy.get(TRYBEWARTS_LOGO_SELECTOR).should('exist');",
                  "err": {},
                  "uuid": "b4ca0e0d-7ff4-48c1-98e6-ad1135b0e6d6",
                  "parentUUID": "ede029ac-8b9b-43c7-aaad-6c07056ae258",
                  "isHook": false,
                  "skipped": false
                },
                {
                  "title": "O atributo src do logotipo aponta para images/trybewarts-header-logo.svg",
                  "fullTitle": "Trybewarts 2 - Adicione o logotipo da Trybewarts com a classe `trybewarts-header-logo` na barra superior O atributo src do logotipo aponta para images/trybewarts-header-logo.svg",
                  "timedOut": null,
                  "duration": 193,
                  "state": "passed",
                  "speed": "slow",
                  "pass": true,
                  "fail": false,
                  "pending": false,
                  "context": null,
                  "code": "cy.get(TRYBEWARTS_LOGO_SELECTOR).should('have.attr', 'src').and('match', /images\\/trybewarts-header-logo\\.svg/);",
                  "err": {},
                  "uuid": "981f3acd-92d0-4079-85b7-487d51c95e8d",
                  "parentUUID": "ede029ac-8b9b-43c7-aaad-6c07056ae258",
                  "isHook": false,
                  "skipped": false
                }
              ],
              "suites": [],
              "passes": [
                "b4ca0e0d-7ff4-48c1-98e6-ad1135b0e6d6",
                "981f3acd-92d0-4079-85b7-487d51c95e8d"
              ],
              "failures": [],
              "pending": [],
              "skipped": [],
              "duration": 406,
              "root": false,
              "rootEmpty": false,
              "_timeout": 2000
            },
            {
              "uuid": "3de357fb-c400-4899-9a1f-7816f39ba4ed",
              "title": "3 - Acrescente um formulário de login no canto direito da barra superior contendo os inputs de email, senha e um botão de login",
              "fullFile": "",
              "file": "",
              "beforeHooks": [],
              "afterHooks": [],
              "tests": [
                {
                  "title": "Existe um formulário com a classe \"trybewarts-login\"",
                  "fullTitle": "Trybewarts 3 - Acrescente um formulário de login no canto direito da barra superior contendo os inputs de email, senha e um botão de login Existe um formulário com a classe \"trybewarts-login\"",
                  "timedOut": null,
                  "duration": 215,
                  "state": "passed",
                  "speed": "slow",
                  "pass": true,
                  "fail": false,
                  "pending": false,
                  "context": null,
                  "code": "cy.get(TRYBEWARTS_LOGIN_FORM_SELECTOR).should('exist');",
                  "err": {},
                  "uuid": "80ea95f0-e2d5-4acf-9327-c53439e8fb99",
                  "parentUUID": "3de357fb-c400-4899-9a1f-7816f39ba4ed",
                  "isHook": false,
                  "skipped": false
                },
                {
                  "title": "Existe um input com o atributo name igual a \"email\" e o placeholder igual a \"Email\"",
                  "fullTitle": "Trybewarts 3 - Acrescente um formulário de login no canto direito da barra superior contendo os inputs de email, senha e um botão de login Existe um input com o atributo name igual a \"email\" e o placeholder igual a \"Email\"",
                  "timedOut": null,
                  "duration": 244,
                  "state": "passed",
                  "speed": "slow",
                  "pass": true,
                  "fail": false,
                  "pending": false,
                  "context": null,
                  "code": "cy.get(\"\".concat(TRYBEWARTS_LOGIN_FORM_SELECTOR, \" input[name=email]\")).should('have.attr', 'placeholder').and('match', /Email/);",
                  "err": {},
                  "uuid": "97b3ced0-28fe-4569-bd5d-7dd9cb0ec1b8",
                  "parentUUID": "3de357fb-c400-4899-9a1f-7816f39ba4ed",
                  "isHook": false,
                  "skipped": false
                },
                {
                  "title": "Existe um input com o atributo name igual a \"password\" e o placeholder igual a \"Senha\"",
                  "fullTitle": "Trybewarts 3 - Acrescente um formulário de login no canto direito da barra superior contendo os inputs de email, senha e um botão de login Existe um input com o atributo name igual a \"password\" e o placeholder igual a \"Senha\"",
                  "timedOut": null,
                  "duration": 360,
                  "state": "passed",
                  "speed": "slow",
                  "pass": true,
                  "fail": false,
                  "pending": false,
                  "context": null,
                  "code": "cy.get(\"\".concat(TRYBEWARTS_LOGIN_FORM_SELECTOR, \" input[name=password]\")).should('have.attr', 'placeholder').and('match', /Senha/);",
                  "err": {},
                  "uuid": "1353f829-8f2f-4948-8037-62faf6c0aa3f",
                  "parentUUID": "3de357fb-c400-4899-9a1f-7816f39ba4ed",
                  "isHook": false,
                  "skipped": false
                },
                {
                  "title": "Existe um botão que contém o texto \"Entrar\"",
                  "fullTitle": "Trybewarts 3 - Acrescente um formulário de login no canto direito da barra superior contendo os inputs de email, senha e um botão de login Existe um botão que contém o texto \"Entrar\"",
                  "timedOut": null,
                  "duration": 300,
                  "state": "passed",
                  "speed": "slow",
                  "pass": true,
                  "fail": false,
                  "pending": false,
                  "context": null,
                  "code": "cy.get(\"\".concat(TRYBEWARTS_LOGIN_FORM_SELECTOR, \" button\")).should('have.text', 'Entrar');",
                  "err": {},
                  "uuid": "40c8a3e9-622d-4920-994e-7f7219f04869",
                  "parentUUID": "3de357fb-c400-4899-9a1f-7816f39ba4ed",
                  "isHook": false,
                  "skipped": false
                },
                {
                  "title": "O formulário é um flex container",
                  "fullTitle": "Trybewarts 3 - Acrescente um formulário de login no canto direito da barra superior contendo os inputs de email, senha e um botão de login O formulário é um flex container",
                  "timedOut": null,
                  "duration": 314,
                  "state": "passed",
                  "speed": "slow",
                  "pass": true,
                  "fail": false,
                  "pending": false,
                  "context": null,
                  "code": "cy.get(TRYBEWARTS_LOGIN_FORM_SELECTOR).should('have.css', 'display', 'flex');",
                  "err": {},
                  "uuid": "44d30777-9d1c-45fb-a442-dae7c0d8e1ca",
                  "parentUUID": "3de357fb-c400-4899-9a1f-7816f39ba4ed",
                  "isHook": false,
                  "skipped": false
                },
                {
                  "title": "O formulário deve estar a direita da logo",
                  "fullTitle": "Trybewarts 3 - Acrescente um formulário de login no canto direito da barra superior contendo os inputs de email, senha e um botão de login O formulário deve estar a direita da logo",
                  "timedOut": null,
                  "duration": 238,
                  "state": "passed",
                  "speed": "slow",
                  "pass": true,
                  "fail": false,
                  "pending": false,
                  "context": null,
                  "code": "cy.get(TRYBEWARTS_LOGIN_FORM_SELECTOR).should('be.rightOf', TRYBEWARTS_LOGO_SELECTOR);",
                  "err": {},
                  "uuid": "7c49b80b-a339-425e-80b7-a2aa54a2b92f",
                  "parentUUID": "3de357fb-c400-4899-9a1f-7816f39ba4ed",
                  "isHook": false,
                  "skipped": false
                },
                {
                  "title": "Ao clicar no botão com login ou senha válidos, emite um alerta contendo o texto \"Olá, Tryber!\"",
                  "fullTitle": "Trybewarts 3 - Acrescente um formulário de login no canto direito da barra superior contendo os inputs de email, senha e um botão de login Ao clicar no botão com login ou senha válidos, emite um alerta contendo o texto \"Olá, Tryber!\"",
                  "timedOut": null,
                  "duration": 1226,
                  "state": "passed",
                  "speed": "slow",
                  "pass": true,
                  "fail": false,
                  "pending": false,
                  "context": null,
                  "code": "var stub = cy.stub();\ncy.on('window:alert', stub);\ncy.get(\"\".concat(TRYBEWARTS_LOGIN_FORM_SELECTOR, \" input[name=email]\")).type('tryber@teste.com');\ncy.get(\"\".concat(TRYBEWARTS_LOGIN_FORM_SELECTOR, \" input[name=password]\")).type('123456');\ncy.get(\"\".concat(TRYBEWARTS_LOGIN_FORM_SELECTOR, \" button\")).click().then(function () {\n  expect(stub.getCall(0)).to.be.calledWith('Olá, Tryber!');\n});",
                  "err": {},
                  "uuid": "516e2236-06a4-4341-9669-2f35d758cc2d",
                  "parentUUID": "3de357fb-c400-4899-9a1f-7816f39ba4ed",
                  "isHook": false,
                  "skipped": false
                },
                {
                  "title": "Ao clicar no botão com email ou senha inválidos, emite um alerta contendo o texto \"Email ou senha inválidos.\"",
                  "fullTitle": "Trybewarts 3 - Acrescente um formulário de login no canto direito da barra superior contendo os inputs de email, senha e um botão de login Ao clicar no botão com email ou senha inválidos, emite um alerta contendo o texto \"Email ou senha inválidos.\"",
                  "timedOut": null,
                  "duration": 331,
                  "state": "passed",
                  "speed": "slow",
                  "pass": true,
                  "fail": false,
                  "pending": false,
                  "context": null,
                  "code": "var stub = cy.stub();\ncy.on('window:alert', stub);\ncy.get(\"\".concat(TRYBEWARTS_LOGIN_FORM_SELECTOR, \" button\")).click().then(function () {\n  expect(stub.getCall(0)).to.be.calledWith('Email ou senha inválidos.');\n});",
                  "err": {},
                  "uuid": "b47b8215-fb82-4995-b065-2b33d1b2b1e1",
                  "parentUUID": "3de357fb-c400-4899-9a1f-7816f39ba4ed",
                  "isHook": false,
                  "skipped": false
                }
              ],
              "suites": [],
              "passes": [
                "80ea95f0-e2d5-4acf-9327-c53439e8fb99",
                "97b3ced0-28fe-4569-bd5d-7dd9cb0ec1b8",
                "1353f829-8f2f-4948-8037-62faf6c0aa3f",
                "40c8a3e9-622d-4920-994e-7f7219f04869",
                "44d30777-9d1c-45fb-a442-dae7c0d8e1ca",
                "7c49b80b-a339-425e-80b7-a2aa54a2b92f",
                "516e2236-06a4-4341-9669-2f35d758cc2d",
                "b47b8215-fb82-4995-b065-2b33d1b2b1e1"
              ],
              "failures": [],
              "pending": [],
              "skipped": [],
              "duration": 3228,
              "root": false,
              "rootEmpty": false,
              "_timeout": 2000
            },
            {
              "uuid": "5b94b9f7-da98-4091-8021-6250b9bb7a34",
              "title": "4 - Crie um título com o texto `Trybewarts` centralizado dentro do `Header`",
              "fullFile": "",
              "file": "",
              "beforeHooks": [],
              "afterHooks": [],
              "tests": [
                {
                  "title": "Existe um elemento h1 com o id \"trybewarts-header-title\" e texto \"Trybewarts",
                  "fullTitle": "Trybewarts 4 - Crie um título com o texto `Trybewarts` centralizado dentro do `Header` Existe um elemento h1 com o id \"trybewarts-header-title\" e texto \"Trybewarts",
                  "timedOut": null,
                  "duration": 173,
                  "state": "passed",
                  "speed": "slow",
                  "pass": true,
                  "fail": false,
                  "pending": false,
                  "context": null,
                  "code": "cy.get(TRYBEWARTS_HEADER_TITLE).should('exist').and('have.text', 'Trybewarts');",
                  "err": {},
                  "uuid": "8aa6ace8-02e4-47a7-b493-a192e3a66fa0",
                  "parentUUID": "5b94b9f7-da98-4091-8021-6250b9bb7a34",
                  "isHook": false,
                  "skipped": false
                },
                {
                  "title": "O header deve ter exatamente três elementos filhos",
                  "fullTitle": "Trybewarts 4 - Crie um título com o texto `Trybewarts` centralizado dentro do `Header` O header deve ter exatamente três elementos filhos",
                  "timedOut": null,
                  "duration": 184,
                  "state": "passed",
                  "speed": "slow",
                  "pass": true,
                  "fail": false,
                  "pending": false,
                  "context": null,
                  "code": "cy.get(TOP_BAR_SELECTOR).children().should('have.length', 3);",
                  "err": {},
                  "uuid": "39c9c407-e3af-410e-b8c9-874fa16d9fd9",
                  "parentUUID": "5b94b9f7-da98-4091-8021-6250b9bb7a34",
                  "isHook": false,
                  "skipped": false
                },
                {
                  "title": "O filho do meio deve ser o título",
                  "fullTitle": "Trybewarts 4 - Crie um título com o texto `Trybewarts` centralizado dentro do `Header` O filho do meio deve ser o título",
                  "timedOut": null,
                  "duration": 262,
                  "state": "passed",
                  "speed": "slow",
                  "pass": true,
                  "fail": false,
                  "pending": false,
                  "context": null,
                  "code": "cy.get(TOP_BAR_SELECTOR).children().eq(1).should('match', TRYBEWARTS_HEADER_TITLE);",
                  "err": {},
                  "uuid": "c4ed45d8-10c9-4f40-abc1-4086ef66462b",
                  "parentUUID": "5b94b9f7-da98-4091-8021-6250b9bb7a34",
                  "isHook": false,
                  "skipped": false
                }
              ],
              "suites": [],
              "passes": [
                "8aa6ace8-02e4-47a7-b493-a192e3a66fa0",
                "39c9c407-e3af-410e-b8c9-874fa16d9fd9",
                "c4ed45d8-10c9-4f40-abc1-4086ef66462b"
              ],
              "failures": [],
              "pending": [],
              "skipped": [],
              "duration": 619,
              "root": false,
              "rootEmpty": false,
              "_timeout": 2000
            },
            {
              "uuid": "d13ca4ab-43d2-44d3-9284-b7f8f40660ab",
              "title": "5 - Adicione um formulário no corpo da página",
              "fullFile": "",
              "file": "",
              "beforeHooks": [],
              "afterHooks": [],
              "tests": [
                {
                  "title": "Existe um formulário com o id `evaluation-form`",
                  "fullTitle": "Trybewarts 5 - Adicione um formulário no corpo da página Existe um formulário com o id `evaluation-form`",
                  "timedOut": null,
                  "duration": 200,
                  "state": "passed",
                  "speed": "slow",
                  "pass": true,
                  "fail": false,
                  "pending": false,
                  "context": null,
                  "code": "cy.get(EVALUATION_FORM).should('exist');",
                  "err": {},
                  "uuid": "3aefcdb4-d015-4c1d-a9c6-1a9c36a5fc28",
                  "parentUUID": "d13ca4ab-43d2-44d3-9284-b7f8f40660ab",
                  "isHook": false,
                  "skipped": false
                },
                {
                  "title": "O formulário está inserido dentro de uma tag `main`",
                  "fullTitle": "Trybewarts 5 - Adicione um formulário no corpo da página O formulário está inserido dentro de uma tag `main`",
                  "timedOut": null,
                  "duration": 208,
                  "state": "passed",
                  "speed": "slow",
                  "pass": true,
                  "fail": false,
                  "pending": false,
                  "context": null,
                  "code": "cy.get(\"main \".concat(EVALUATION_FORM)).should('exist');",
                  "err": {},
                  "uuid": "a9ecff47-5e76-4da3-8b98-26fa0db967f8",
                  "parentUUID": "d13ca4ab-43d2-44d3-9284-b7f8f40660ab",
                  "isHook": false,
                  "skipped": false
                },
                {
                  "title": "O elemento main é um flex-container",
                  "fullTitle": "Trybewarts 5 - Adicione um formulário no corpo da página O elemento main é um flex-container",
                  "timedOut": null,
                  "duration": 156,
                  "state": "passed",
                  "speed": "slow",
                  "pass": true,
                  "fail": false,
                  "pending": false,
                  "context": null,
                  "code": "cy.get('main').should('have.css', 'display', 'flex');",
                  "err": {},
                  "uuid": "5fc946b3-26b2-4c44-97f5-9067367ca957",
                  "parentUUID": "d13ca4ab-43d2-44d3-9284-b7f8f40660ab",
                  "isHook": false,
                  "skipped": false
                },
                {
                  "title": "O formulário é um flex-container",
                  "fullTitle": "Trybewarts 5 - Adicione um formulário no corpo da página O formulário é um flex-container",
                  "timedOut": null,
                  "duration": 233,
                  "state": "passed",
                  "speed": "slow",
                  "pass": true,
                  "fail": false,
                  "pending": false,
                  "context": null,
                  "code": "cy.get(EVALUATION_FORM).should('have.css', 'display', 'flex');",
                  "err": {},
                  "uuid": "79434f68-9e48-4e2f-9c47-904883e424ea",
                  "parentUUID": "d13ca4ab-43d2-44d3-9284-b7f8f40660ab",
                  "isHook": false,
                  "skipped": false
                },
                {
                  "title": "O formulário tem a largura igual a 675px",
                  "fullTitle": "Trybewarts 5 - Adicione um formulário no corpo da página O formulário tem a largura igual a 675px",
                  "timedOut": null,
                  "duration": 241,
                  "state": "passed",
                  "speed": "slow",
                  "pass": true,
                  "fail": false,
                  "pending": false,
                  "context": null,
                  "code": "cy.get(EVALUATION_FORM).should('have.css', 'width', '675px');",
                  "err": {},
                  "uuid": "1562bb68-e1d8-486c-847c-6ed5a6e8bf3d",
                  "parentUUID": "d13ca4ab-43d2-44d3-9284-b7f8f40660ab",
                  "isHook": false,
                  "skipped": false
                }
              ],
              "suites": [],
              "passes": [
                "3aefcdb4-d015-4c1d-a9c6-1a9c36a5fc28",
                "a9ecff47-5e76-4da3-8b98-26fa0db967f8",
                "5fc946b3-26b2-4c44-97f5-9067367ca957",
                "79434f68-9e48-4e2f-9c47-904883e424ea",
                "1562bb68-e1d8-486c-847c-6ed5a6e8bf3d"
              ],
              "failures": [],
              "pending": [],
              "skipped": [],
              "duration": 1038,
              "root": false,
              "rootEmpty": false,
              "_timeout": 2000
            },
            {
              "uuid": "1c63327e-115b-4f41-bdf3-f85b4cd49479",
              "title": "6 - Faça com que o eixo principal do formulário seja vertical",
              "fullFile": "",
              "file": "",
              "beforeHooks": [],
              "afterHooks": [],
              "tests": [
                {
                  "title": "O eixo principal do formulário com id \"evaluation-form\" é vertical",
                  "fullTitle": "Trybewarts 6 - Faça com que o eixo principal do formulário seja vertical O eixo principal do formulário com id \"evaluation-form\" é vertical",
                  "timedOut": null,
                  "duration": 224,
                  "state": "passed",
                  "speed": "slow",
                  "pass": true,
                  "fail": false,
                  "pending": false,
                  "context": null,
                  "code": "cy.get(EVALUATION_FORM).should('have.css', 'flex-direction', 'column');",
                  "err": {},
                  "uuid": "521f13d7-e6b9-4bd4-9c0a-c4fa4aa7b41f",
                  "parentUUID": "1c63327e-115b-4f41-bdf3-f85b4cd49479",
                  "isHook": false,
                  "skipped": false
                }
              ],
              "suites": [],
              "passes": [
                "521f13d7-e6b9-4bd4-9c0a-c4fa4aa7b41f"
              ],
              "failures": [],
              "pending": [],
              "skipped": [],
              "duration": 224,
              "root": false,
              "rootEmpty": false,
              "_timeout": 2000
            },
            {
              "uuid": "0f254186-3a66-492d-8e1c-b1994acfc086",
              "title": "7 - Adicione a logo da Trybewarts no lado direito da página",
              "fullFile": "",
              "file": "",
              "beforeHooks": [],
              "afterHooks": [],
              "tests": [
                {
                  "title": "Possui o id trybewarts-forms-logo",
                  "fullTitle": "Trybewarts 7 - Adicione a logo da Trybewarts no lado direito da página Possui o id trybewarts-forms-logo",
                  "timedOut": null,
                  "duration": 179,
                  "state": "passed",
                  "speed": "slow",
                  "pass": true,
                  "fail": false,
                  "pending": false,
                  "context": null,
                  "code": "cy.get(TRYBEWARTS_LOGO_FORMS_SELECTOR).should('exist');",
                  "err": {},
                  "uuid": "3511952d-5700-4b04-8eaf-98e0b7853b1a",
                  "parentUUID": "0f254186-3a66-492d-8e1c-b1994acfc086",
                  "isHook": false,
                  "skipped": false
                },
                {
                  "title": "O atributo `src` do logotipo aponta para `images/trybewarts-colored.svg`",
                  "fullTitle": "Trybewarts 7 - Adicione a logo da Trybewarts no lado direito da página O atributo `src` do logotipo aponta para `images/trybewarts-colored.svg`",
                  "timedOut": null,
                  "duration": 176,
                  "state": "passed",
                  "speed": "slow",
                  "pass": true,
                  "fail": false,
                  "pending": false,
                  "context": null,
                  "code": "cy.get(TRYBEWARTS_LOGO_FORMS_SELECTOR).should('have.attr', 'src').and('match', /images\\/trybewarts-colored\\.svg/);",
                  "err": {},
                  "uuid": "4680d707-60c4-4447-ab69-35dacdc33dac",
                  "parentUUID": "0f254186-3a66-492d-8e1c-b1994acfc086",
                  "isHook": false,
                  "skipped": false
                },
                {
                  "title": "A imagem deve possuir um `height` de `500px`",
                  "fullTitle": "Trybewarts 7 - Adicione a logo da Trybewarts no lado direito da página A imagem deve possuir um `height` de `500px`",
                  "timedOut": null,
                  "duration": 219,
                  "state": "passed",
                  "speed": "slow",
                  "pass": true,
                  "fail": false,
                  "pending": false,
                  "context": null,
                  "code": "cy.get(TRYBEWARTS_LOGO_FORMS_SELECTOR).should('have.css', 'height', '500px');",
                  "err": {},
                  "uuid": "fe6c5713-c1b3-46b1-9e4b-c9981d535f44",
                  "parentUUID": "0f254186-3a66-492d-8e1c-b1994acfc086",
                  "isHook": false,
                  "skipped": false
                },
                {
                  "title": "A imagem deve estar posicionada a direita do formulário com id `evaluation-form`",
                  "fullTitle": "Trybewarts 7 - Adicione a logo da Trybewarts no lado direito da página A imagem deve estar posicionada a direita do formulário com id `evaluation-form`",
                  "timedOut": null,
                  "duration": 228,
                  "state": "passed",
                  "speed": "slow",
                  "pass": true,
                  "fail": false,
                  "pending": false,
                  "context": null,
                  "code": "cy.get(TRYBEWARTS_LOGO_FORMS_SELECTOR).should('be.rightOf', EVALUATION_FORM);",
                  "err": {},
                  "uuid": "dc10e0c9-2737-4d84-90ee-bc0d53fddab6",
                  "parentUUID": "0f254186-3a66-492d-8e1c-b1994acfc086",
                  "isHook": false,
                  "skipped": false
                }
              ],
              "suites": [],
              "passes": [
                "3511952d-5700-4b04-8eaf-98e0b7853b1a",
                "4680d707-60c4-4447-ab69-35dacdc33dac",
                "fe6c5713-c1b3-46b1-9e4b-c9981d535f44",
                "dc10e0c9-2737-4d84-90ee-bc0d53fddab6"
              ],
              "failures": [],
              "pending": [],
              "skipped": [],
              "duration": 802,
              "root": false,
              "rootEmpty": false,
              "_timeout": 2000
            },
            {
              "uuid": "36ea7cc8-643e-407f-867d-e6f0bc784b61",
              "title": "8 - Acrescente ao formulário com id `evaluation-form` os inputs de `nome, sobrenome e email`",
              "fullFile": "",
              "file": "",
              "beforeHooks": [],
              "afterHooks": [],
              "tests": [
                {
                  "title": "Existe um input com o id \"input-name\" e placeholder \"Nome\"",
                  "fullTitle": "Trybewarts 8 - Acrescente ao formulário com id `evaluation-form` os inputs de `nome, sobrenome e email` Existe um input com o id \"input-name\" e placeholder \"Nome\"",
                  "timedOut": null,
                  "duration": 240,
                  "state": "passed",
                  "speed": "slow",
                  "pass": true,
                  "fail": false,
                  "pending": false,
                  "context": null,
                  "code": "cy.get(\"input#\".concat(id)).should('exist').and('have.attr', 'placeholder', placeholder);",
                  "err": {},
                  "uuid": "2754884b-c86e-432f-a5fb-10df2eebc904",
                  "parentUUID": "36ea7cc8-643e-407f-867d-e6f0bc784b61",
                  "isHook": false,
                  "skipped": false
                },
                {
                  "title": "Existe um input com o id \"input-lastname\" e placeholder \"Sobrenome\"",
                  "fullTitle": "Trybewarts 8 - Acrescente ao formulário com id `evaluation-form` os inputs de `nome, sobrenome e email` Existe um input com o id \"input-lastname\" e placeholder \"Sobrenome\"",
                  "timedOut": null,
                  "duration": 186,
                  "state": "passed",
                  "speed": "slow",
                  "pass": true,
                  "fail": false,
                  "pending": false,
                  "context": null,
                  "code": "cy.get(\"input#\".concat(id)).should('exist').and('have.attr', 'placeholder', placeholder);",
                  "err": {},
                  "uuid": "f281c225-b7c5-4157-88dd-6f7a7f79b14c",
                  "parentUUID": "36ea7cc8-643e-407f-867d-e6f0bc784b61",
                  "isHook": false,
                  "skipped": false
                },
                {
                  "title": "Existe um input com o id \"input-email\" e placeholder \"Email\"",
                  "fullTitle": "Trybewarts 8 - Acrescente ao formulário com id `evaluation-form` os inputs de `nome, sobrenome e email` Existe um input com o id \"input-email\" e placeholder \"Email\"",
                  "timedOut": null,
                  "duration": 165,
                  "state": "passed",
                  "speed": "slow",
                  "pass": true,
                  "fail": false,
                  "pending": false,
                  "context": null,
                  "code": "cy.get(\"input#\".concat(id)).should('exist').and('have.attr', 'placeholder', placeholder);",
                  "err": {},
                  "uuid": "40c6c47c-c94d-4f36-a9db-b21bada638d6",
                  "parentUUID": "36ea7cc8-643e-407f-867d-e6f0bc784b61",
                  "isHook": false,
                  "skipped": false
                }
              ],
              "suites": [],
              "passes": [
                "2754884b-c86e-432f-a5fb-10df2eebc904",
                "f281c225-b7c5-4157-88dd-6f7a7f79b14c",
                "40c6c47c-c94d-4f36-a9db-b21bada638d6"
              ],
              "failures": [],
              "pending": [],
              "skipped": [],
              "duration": 591,
              "root": false,
              "rootEmpty": false,
              "_timeout": 2000
            },
            {
              "uuid": "66a1a93d-2bff-43fb-a838-f2f7675c141d",
              "title": "9 - Acrescente ao formulário um select com o id `house` contendo as opções `Gitnória`, `Reactpuff`, `Corvinode` e `Pytherina`",
              "fullFile": "",
              "file": "",
              "beforeHooks": [],
              "afterHooks": [],
              "tests": [
                {
                  "title": "Existe uma option com text e value igual a \"Gitnória\" e id igual a \"gitnoria-house\"",
                  "fullTitle": "Trybewarts 9 - Acrescente ao formulário um select com o id `house` contendo as opções `Gitnória`, `Reactpuff`, `Corvinode` e `Pytherina` Existe uma option com text e value igual a \"Gitnória\" e id igual a \"gitnoria-house\"",
                  "timedOut": null,
                  "duration": 190,
                  "state": "passed",
                  "speed": "slow",
                  "pass": true,
                  "fail": false,
                  "pending": false,
                  "context": null,
                  "code": "cy.get(\"\".concat(HOUSES_SELECTOR, \" option#\").concat(id)).then(function (option) {\n  expect(option).to.have.text(name);\n  expect(option).to.have.value(name);\n});",
                  "err": {},
                  "uuid": "12d989cb-715b-497e-8b3a-f5210dc1753d",
                  "parentUUID": "66a1a93d-2bff-43fb-a838-f2f7675c141d",
                  "isHook": false,
                  "skipped": false
                },
                {
                  "title": "Existe uma option com text e value igual a \"Reactpuff\" e id igual a \"reactpuff-house\"",
                  "fullTitle": "Trybewarts 9 - Acrescente ao formulário um select com o id `house` contendo as opções `Gitnória`, `Reactpuff`, `Corvinode` e `Pytherina` Existe uma option com text e value igual a \"Reactpuff\" e id igual a \"reactpuff-house\"",
                  "timedOut": null,
                  "duration": 240,
                  "state": "passed",
                  "speed": "slow",
                  "pass": true,
                  "fail": false,
                  "pending": false,
                  "context": null,
                  "code": "cy.get(\"\".concat(HOUSES_SELECTOR, \" option#\").concat(id)).then(function (option) {\n  expect(option).to.have.text(name);\n  expect(option).to.have.value(name);\n});",
                  "err": {},
                  "uuid": "6fcffa1e-3aa2-4f93-a510-b1202c1f98f1",
                  "parentUUID": "66a1a93d-2bff-43fb-a838-f2f7675c141d",
                  "isHook": false,
                  "skipped": false
                },
                {
                  "title": "Existe uma option com text e value igual a \"Corvinode\" e id igual a \"corvinode-house\"",
                  "fullTitle": "Trybewarts 9 - Acrescente ao formulário um select com o id `house` contendo as opções `Gitnória`, `Reactpuff`, `Corvinode` e `Pytherina` Existe uma option com text e value igual a \"Corvinode\" e id igual a \"corvinode-house\"",
                  "timedOut": null,
                  "duration": 217,
                  "state": "passed",
                  "speed": "slow",
                  "pass": true,
                  "fail": false,
                  "pending": false,
                  "context": null,
                  "code": "cy.get(\"\".concat(HOUSES_SELECTOR, \" option#\").concat(id)).then(function (option) {\n  expect(option).to.have.text(name);\n  expect(option).to.have.value(name);\n});",
                  "err": {},
                  "uuid": "7108b29a-68e1-49a8-894d-313f10e2be40",
                  "parentUUID": "66a1a93d-2bff-43fb-a838-f2f7675c141d",
                  "isHook": false,
                  "skipped": false
                },
                {
                  "title": "Existe uma option com text e value igual a \"Pytherina\" e id igual a \"pytherina-house\"",
                  "fullTitle": "Trybewarts 9 - Acrescente ao formulário um select com o id `house` contendo as opções `Gitnória`, `Reactpuff`, `Corvinode` e `Pytherina` Existe uma option com text e value igual a \"Pytherina\" e id igual a \"pytherina-house\"",
                  "timedOut": null,
                  "duration": 236,
                  "state": "passed",
                  "speed": "slow",
                  "pass": true,
                  "fail": false,
                  "pending": false,
                  "context": null,
                  "code": "cy.get(\"\".concat(HOUSES_SELECTOR, \" option#\").concat(id)).then(function (option) {\n  expect(option).to.have.text(name);\n  expect(option).to.have.value(name);\n});",
                  "err": {},
                  "uuid": "2f59e264-71f2-4ceb-a3e2-7815fcb33a42",
                  "parentUUID": "66a1a93d-2bff-43fb-a838-f2f7675c141d",
                  "isHook": false,
                  "skipped": false
                }
              ],
              "suites": [],
              "passes": [
                "12d989cb-715b-497e-8b3a-f5210dc1753d",
                "6fcffa1e-3aa2-4f93-a510-b1202c1f98f1",
                "7108b29a-68e1-49a8-894d-313f10e2be40",
                "2f59e264-71f2-4ceb-a3e2-7815fcb33a42"
              ],
              "failures": [],
              "pending": [],
              "skipped": [],
              "duration": 883,
              "root": false,
              "rootEmpty": false,
              "_timeout": 2000
            },
            {
              "uuid": "a12d24bb-566e-47e7-a5d7-3c5816d9b0f3",
              "title": "10 - Posicione os campos de `Nome` e `Sobrenome` para que fiquem em linha",
              "fullFile": "",
              "file": "",
              "beforeHooks": [],
              "afterHooks": [],
              "tests": [
                {
                  "title": "O campo de \"Sobrenome\" está a direita do campo de \"Nome\"",
                  "fullTitle": "Trybewarts 10 - Posicione os campos de `Nome` e `Sobrenome` para que fiquem em linha O campo de \"Sobrenome\" está a direita do campo de \"Nome\"",
                  "timedOut": null,
                  "duration": 168,
                  "state": "passed",
                  "speed": "slow",
                  "pass": true,
                  "fail": false,
                  "pending": false,
                  "context": null,
                  "code": "cy.get(USER_LASTNAME_INPUT_SELECTOR).should('be.rightOf', USER_NAME_INPUT_SELECTOR);",
                  "err": {},
                  "uuid": "3d14e624-a0cf-4c45-a885-64356cc2bc77",
                  "parentUUID": "a12d24bb-566e-47e7-a5d7-3c5816d9b0f3",
                  "isHook": false,
                  "skipped": false
                }
              ],
              "suites": [],
              "passes": [
                "3d14e624-a0cf-4c45-a885-64356cc2bc77"
              ],
              "failures": [],
              "pending": [],
              "skipped": [],
              "duration": 168,
              "root": false,
              "rootEmpty": false,
              "_timeout": 2000
            },
            {
              "uuid": "a4a0cbe5-89e7-484a-9d85-e7c22c6946f4",
              "title": "11 - Posicione os campos de `Email` e `Casa` para que fiquem em linha",
              "fullFile": "",
              "file": "",
              "beforeHooks": [],
              "afterHooks": [],
              "tests": [
                {
                  "title": "O select das casas está a direita do campo de \"Email\"",
                  "fullTitle": "Trybewarts 11 - Posicione os campos de `Email` e `Casa` para que fiquem em linha O select das casas está a direita do campo de \"Email\"",
                  "timedOut": null,
                  "duration": 174,
                  "state": "passed",
                  "speed": "slow",
                  "pass": true,
                  "fail": false,
                  "pending": false,
                  "context": null,
                  "code": "cy.get(HOUSES_SELECTOR).should('be.rightOf', USER_EMAIL_INPUT_SELECTOR);",
                  "err": {},
                  "uuid": "644bd561-aa69-4cfd-bbde-9f431e16ebc4",
                  "parentUUID": "a4a0cbe5-89e7-484a-9d85-e7c22c6946f4",
                  "isHook": false,
                  "skipped": false
                }
              ],
              "suites": [],
              "passes": [
                "644bd561-aa69-4cfd-bbde-9f431e16ebc4"
              ],
              "failures": [],
              "pending": [],
              "skipped": [],
              "duration": 174,
              "root": false,
              "rootEmpty": false,
              "_timeout": 2000
            },
            {
              "uuid": "c6de5987-0390-4ac8-89e9-5d160328a373",
              "title": "12 - Acrescente ao formulário um campo de entrada para qual família a pessoa estudante se identifica",
              "fullFile": "",
              "file": "",
              "beforeHooks": [],
              "afterHooks": [],
              "tests": [
                {
                  "title": "Um elemento com o id \"label-family\" e o texto \"Qual sua família?\" deverá ser criado",
                  "fullTitle": "Trybewarts 12 - Acrescente ao formulário um campo de entrada para qual família a pessoa estudante se identifica Um elemento com o id \"label-family\" e o texto \"Qual sua família?\" deverá ser criado",
                  "timedOut": null,
                  "duration": 215,
                  "state": "passed",
                  "speed": "slow",
                  "pass": true,
                  "fail": false,
                  "pending": false,
                  "context": null,
                  "code": "cy.get(\"\".concat(EVALUATION_FORM, \" #label-family\")).should('have.text', LABEL_FAMILY_TEXT);",
                  "err": {},
                  "uuid": "c99144f0-7437-4506-977e-d4be13d985d9",
                  "parentUUID": "c6de5987-0390-4ac8-89e9-5d160328a373",
                  "isHook": false,
                  "skipped": false
                },
                {
                  "title": "Deverá haver um input do tipo radio, com value igual a \"Frontend\" e name igual a \"family\"",
                  "fullTitle": "Trybewarts 12 - Acrescente ao formulário um campo de entrada para qual família a pessoa estudante se identifica Deverá haver um input do tipo radio, com value igual a \"Frontend\" e name igual a \"family\"",
                  "timedOut": null,
                  "duration": 237,
                  "state": "passed",
                  "speed": "slow",
                  "pass": true,
                  "fail": false,
                  "pending": false,
                  "context": null,
                  "code": "cy.get(\"input[value=\".concat(family, \"]\")).should('exist').and('have.attr', 'type', 'radio').and('have.attr', 'name', 'family');",
                  "err": {},
                  "uuid": "80dc9584-2491-4005-892f-ad5d4e376e93",
                  "parentUUID": "c6de5987-0390-4ac8-89e9-5d160328a373",
                  "isHook": false,
                  "skipped": false
                },
                {
                  "title": "Deverá haver um input do tipo radio, com value igual a \"Backend\" e name igual a \"family\"",
                  "fullTitle": "Trybewarts 12 - Acrescente ao formulário um campo de entrada para qual família a pessoa estudante se identifica Deverá haver um input do tipo radio, com value igual a \"Backend\" e name igual a \"family\"",
                  "timedOut": null,
                  "duration": 231,
                  "state": "passed",
                  "speed": "slow",
                  "pass": true,
                  "fail": false,
                  "pending": false,
                  "context": null,
                  "code": "cy.get(\"input[value=\".concat(family, \"]\")).should('exist').and('have.attr', 'type', 'radio').and('have.attr', 'name', 'family');",
                  "err": {},
                  "uuid": "79a1f972-d18c-48f6-8993-e219bcb5abcf",
                  "parentUUID": "c6de5987-0390-4ac8-89e9-5d160328a373",
                  "isHook": false,
                  "skipped": false
                },
                {
                  "title": "Deverá haver um input do tipo radio, com value igual a \"FullStack\" e name igual a \"family\"",
                  "fullTitle": "Trybewarts 12 - Acrescente ao formulário um campo de entrada para qual família a pessoa estudante se identifica Deverá haver um input do tipo radio, com value igual a \"FullStack\" e name igual a \"family\"",
                  "timedOut": null,
                  "duration": 239,
                  "state": "passed",
                  "speed": "slow",
                  "pass": true,
                  "fail": false,
                  "pending": false,
                  "context": null,
                  "code": "cy.get(\"input[value=\".concat(family, \"]\")).should('exist').and('have.attr', 'type', 'radio').and('have.attr', 'name', 'family');",
                  "err": {},
                  "uuid": "7ec81de3-089b-4464-b4f1-fe89776f9332",
                  "parentUUID": "c6de5987-0390-4ac8-89e9-5d160328a373",
                  "isHook": false,
                  "skipped": false
                },
                {
                  "title": "Posicione os radio buttons para ficar abaixo um do outro, na sequência \"Frontend\", \"Backend\" e \"Fullstack\"",
                  "fullTitle": "Trybewarts 12 - Acrescente ao formulário um campo de entrada para qual família a pessoa estudante se identifica Posicione os radio buttons para ficar abaixo um do outro, na sequência \"Frontend\", \"Backend\" e \"Fullstack\"",
                  "timedOut": null,
                  "duration": 188,
                  "state": "passed",
                  "speed": "slow",
                  "pass": true,
                  "fail": false,
                  "pending": false,
                  "context": null,
                  "code": "cy.get('input[value=\"Backend\"]').should('be.below', 'input[value=\"Frontend\"]');\ncy.get('input[value=\"FullStack\"]').should('be.below', 'input[value=\"Backend\"]');",
                  "err": {},
                  "uuid": "32247263-c661-4421-bed2-7dc41e35c584",
                  "parentUUID": "c6de5987-0390-4ac8-89e9-5d160328a373",
                  "isHook": false,
                  "skipped": false
                },
                {
                  "title": "Posicione os radio buttons abaixo do label com id \"label-family\"",
                  "fullTitle": "Trybewarts 12 - Acrescente ao formulário um campo de entrada para qual família a pessoa estudante se identifica Posicione os radio buttons abaixo do label com id \"label-family\"",
                  "timedOut": null,
                  "duration": 191,
                  "state": "passed",
                  "speed": "slow",
                  "pass": true,
                  "fail": false,
                  "pending": false,
                  "context": null,
                  "code": "FAMILIES.forEach(function (family) {\n  cy.get(\"input[value=\\\"\".concat(family, \"\\\"]\")).should('be.below', '#label-family');\n});",
                  "err": {},
                  "uuid": "bcf84c23-1d07-41f3-9edb-90ceea4e7f7e",
                  "parentUUID": "c6de5987-0390-4ac8-89e9-5d160328a373",
                  "isHook": false,
                  "skipped": false
                }
              ],
              "suites": [],
              "passes": [
                "c99144f0-7437-4506-977e-d4be13d985d9",
                "80dc9584-2491-4005-892f-ad5d4e376e93",
                "79a1f972-d18c-48f6-8993-e219bcb5abcf",
                "7ec81de3-089b-4464-b4f1-fe89776f9332",
                "32247263-c661-4421-bed2-7dc41e35c584",
                "bcf84c23-1d07-41f3-9edb-90ceea4e7f7e"
              ],
              "failures": [],
              "pending": [],
              "skipped": [],
              "duration": 1301,
              "root": false,
              "rootEmpty": false,
              "_timeout": 2000
            },
            {
              "uuid": "82a0cac7-6076-45ca-80ad-70ce086acc44",
              "title": "13 - Crie campos de entrada do tipo `checkbox` contendo seis opções",
              "fullFile": "",
              "file": "",
              "beforeHooks": [],
              "afterHooks": [],
              "tests": [
                {
                  "title": "Existe um elemento com o id \"label-content\" e o texto \"Qual conteúdo você está com mais vontade de aprender?\"",
                  "fullTitle": "Trybewarts 13 - Crie campos de entrada do tipo `checkbox` contendo seis opções Existe um elemento com o id \"label-content\" e o texto \"Qual conteúdo você está com mais vontade de aprender?\"",
                  "timedOut": null,
                  "duration": 219,
                  "state": "passed",
                  "speed": "slow",
                  "pass": true,
                  "fail": false,
                  "pending": false,
                  "context": null,
                  "code": "cy.get('#label-content').contains(LABEL_CONTENT_TEXT);",
                  "err": {},
                  "uuid": "cbdca0a3-d497-405a-918f-a31a681b6615",
                  "parentUUID": "82a0cac7-6076-45ca-80ad-70ce086acc44",
                  "isHook": false,
                  "skipped": false
                },
                {
                  "title": "Existe uma checkbox com o value igual a HoFs",
                  "fullTitle": "Trybewarts 13 - Crie campos de entrada do tipo `checkbox` contendo seis opções Existe uma checkbox com o value igual a HoFs",
                  "timedOut": null,
                  "duration": 221,
                  "state": "passed",
                  "speed": "slow",
                  "pass": true,
                  "fail": false,
                  "pending": false,
                  "context": null,
                  "code": "cy.get(\"\".concat(EVALUATION_FORM, \" input[value=\").concat(checkbox, \"]\")).should('exist');",
                  "err": {},
                  "uuid": "0c9a00fa-4078-4e35-9cb7-5950b90f9902",
                  "parentUUID": "82a0cac7-6076-45ca-80ad-70ce086acc44",
                  "isHook": false,
                  "skipped": false
                },
                {
                  "title": "Existe uma checkbox com o value igual a Jest",
                  "fullTitle": "Trybewarts 13 - Crie campos de entrada do tipo `checkbox` contendo seis opções Existe uma checkbox com o value igual a Jest",
                  "timedOut": null,
                  "duration": 207,
                  "state": "passed",
                  "speed": "slow",
                  "pass": true,
                  "fail": false,
                  "pending": false,
                  "context": null,
                  "code": "cy.get(\"\".concat(EVALUATION_FORM, \" input[value=\").concat(checkbox, \"]\")).should('exist');",
                  "err": {},
                  "uuid": "2bd1882b-6be4-4f48-8183-fec6f5fca11c",
                  "parentUUID": "82a0cac7-6076-45ca-80ad-70ce086acc44",
                  "isHook": false,
                  "skipped": false
                },
                {
                  "title": "Existe uma checkbox com o value igual a Promises",
                  "fullTitle": "Trybewarts 13 - Crie campos de entrada do tipo `checkbox` contendo seis opções Existe uma checkbox com o value igual a Promises",
                  "timedOut": null,
                  "duration": 179,
                  "state": "passed",
                  "speed": "slow",
                  "pass": true,
                  "fail": false,
                  "pending": false,
                  "context": null,
                  "code": "cy.get(\"\".concat(EVALUATION_FORM, \" input[value=\").concat(checkbox, \"]\")).should('exist');",
                  "err": {},
                  "uuid": "0e426bec-de0f-46e4-8241-1b526b750e2b",
                  "parentUUID": "82a0cac7-6076-45ca-80ad-70ce086acc44",
                  "isHook": false,
                  "skipped": false
                },
                {
                  "title": "Existe uma checkbox com o value igual a React",
                  "fullTitle": "Trybewarts 13 - Crie campos de entrada do tipo `checkbox` contendo seis opções Existe uma checkbox com o value igual a React",
                  "timedOut": null,
                  "duration": 212,
                  "state": "passed",
                  "speed": "slow",
                  "pass": true,
                  "fail": false,
                  "pending": false,
                  "context": null,
                  "code": "cy.get(\"\".concat(EVALUATION_FORM, \" input[value=\").concat(checkbox, \"]\")).should('exist');",
                  "err": {},
                  "uuid": "5beb36a0-6a25-4cc5-993c-498f5ce06460",
                  "parentUUID": "82a0cac7-6076-45ca-80ad-70ce086acc44",
                  "isHook": false,
                  "skipped": false
                },
                {
                  "title": "Existe uma checkbox com o value igual a SQL",
                  "fullTitle": "Trybewarts 13 - Crie campos de entrada do tipo `checkbox` contendo seis opções Existe uma checkbox com o value igual a SQL",
                  "timedOut": null,
                  "duration": 203,
                  "state": "passed",
                  "speed": "slow",
                  "pass": true,
                  "fail": false,
                  "pending": false,
                  "context": null,
                  "code": "cy.get(\"\".concat(EVALUATION_FORM, \" input[value=\").concat(checkbox, \"]\")).should('exist');",
                  "err": {},
                  "uuid": "87e7aa59-94cc-47f4-86dd-2fa07454d445",
                  "parentUUID": "82a0cac7-6076-45ca-80ad-70ce086acc44",
                  "isHook": false,
                  "skipped": false
                },
                {
                  "title": "Existe uma checkbox com o value igual a Python",
                  "fullTitle": "Trybewarts 13 - Crie campos de entrada do tipo `checkbox` contendo seis opções Existe uma checkbox com o value igual a Python",
                  "timedOut": null,
                  "duration": 210,
                  "state": "passed",
                  "speed": "slow",
                  "pass": true,
                  "fail": false,
                  "pending": false,
                  "context": null,
                  "code": "cy.get(\"\".concat(EVALUATION_FORM, \" input[value=\").concat(checkbox, \"]\")).should('exist');",
                  "err": {},
                  "uuid": "bc0db6e7-5ef5-4ea1-b5b5-0c666b9313fd",
                  "parentUUID": "82a0cac7-6076-45ca-80ad-70ce086acc44",
                  "isHook": false,
                  "skipped": false
                },
                {
                  "title": "As checkboxes estão posicionadas abaixo do label com id \"label-content\"",
                  "fullTitle": "Trybewarts 13 - Crie campos de entrada do tipo `checkbox` contendo seis opções As checkboxes estão posicionadas abaixo do label com id \"label-content\"",
                  "timedOut": null,
                  "duration": 292,
                  "state": "passed",
                  "speed": "slow",
                  "pass": true,
                  "fail": false,
                  "pending": false,
                  "context": null,
                  "code": "CHECKBOXES.forEach(function (checkbox) {\n  cy.get(\"\".concat(EVALUATION_FORM, \" input[value=\").concat(checkbox, \"]\")).should('be.below', \"\".concat(EVALUATION_FORM, \" #label-content\"));\n});",
                  "err": {},
                  "uuid": "93dff7a8-acbf-4d02-b8ab-45f89ca64654",
                  "parentUUID": "82a0cac7-6076-45ca-80ad-70ce086acc44",
                  "isHook": false,
                  "skipped": false
                }
              ],
              "suites": [],
              "passes": [
                "cbdca0a3-d497-405a-918f-a31a681b6615",
                "0c9a00fa-4078-4e35-9cb7-5950b90f9902",
                "2bd1882b-6be4-4f48-8183-fec6f5fca11c",
                "0e426bec-de0f-46e4-8241-1b526b750e2b",
                "5beb36a0-6a25-4cc5-993c-498f5ce06460",
                "87e7aa59-94cc-47f4-86dd-2fa07454d445",
                "bc0db6e7-5ef5-4ea1-b5b5-0c666b9313fd",
                "93dff7a8-acbf-4d02-b8ab-45f89ca64654"
              ],
              "failures": [],
              "pending": [],
              "skipped": [],
              "duration": 1743,
              "root": false,
              "rootEmpty": false,
              "_timeout": 2000
            },
            {
              "uuid": "2dad559c-a88b-4784-8b51-b9856477e5ff",
              "title": "14 - Crie campo de entrada para avaliar de 1 a 10 o nível de satisfação com a Trybewarts",
              "fullFile": "",
              "file": "",
              "beforeHooks": [],
              "afterHooks": [],
              "tests": [
                {
                  "title": "Um elemento com o id label-rate e o texto \"Como você avalia a Trybewarts?\" deverá ser criado",
                  "fullTitle": "Trybewarts 14 - Crie campo de entrada para avaliar de 1 a 10 o nível de satisfação com a Trybewarts Um elemento com o id label-rate e o texto \"Como você avalia a Trybewarts?\" deverá ser criado",
                  "timedOut": null,
                  "duration": 186,
                  "state": "passed",
                  "speed": "slow",
                  "pass": true,
                  "fail": false,
                  "pending": false,
                  "context": null,
                  "code": "cy.get('#label-rate').contains(LABEL_RATE_TEXT);",
                  "err": {},
                  "uuid": "af72302f-c4ad-4615-8b8e-46383aa52d01",
                  "parentUUID": "2dad559c-a88b-4784-8b51-b9856477e5ff",
                  "isHook": false,
                  "skipped": false
                },
                {
                  "title": "O campo deve ser formado por dez radio buttons, contendo as opções de 1 a 10",
                  "fullTitle": "Trybewarts 14 - Crie campo de entrada para avaliar de 1 a 10 o nível de satisfação com a Trybewarts O campo deve ser formado por dez radio buttons, contendo as opções de 1 a 10",
                  "timedOut": null,
                  "duration": 226,
                  "state": "passed",
                  "speed": "slow",
                  "pass": true,
                  "fail": false,
                  "pending": false,
                  "context": null,
                  "code": "cy.get('input[name=\"rate\"]').its('length').should('be.gt', 9);",
                  "err": {},
                  "uuid": "61acbd8d-1c96-4099-93e9-f4ab1aba79bd",
                  "parentUUID": "2dad559c-a88b-4784-8b51-b9856477e5ff",
                  "isHook": false,
                  "skipped": false
                },
                {
                  "title": "Posicione os radio buttons à direita do label",
                  "fullTitle": "Trybewarts 14 - Crie campo de entrada para avaliar de 1 a 10 o nível de satisfação com a Trybewarts Posicione os radio buttons à direita do label",
                  "timedOut": null,
                  "duration": 160,
                  "state": "passed",
                  "speed": "slow",
                  "pass": true,
                  "fail": false,
                  "pending": false,
                  "context": null,
                  "code": "cy.get('input[value=\"1\"]').should('be.rightOf', '#label-rate');",
                  "err": {},
                  "uuid": "a67af4a2-a381-4e50-a1e1-82a76635f715",
                  "parentUUID": "2dad559c-a88b-4784-8b51-b9856477e5ff",
                  "isHook": false,
                  "skipped": false
                }
              ],
              "suites": [],
              "passes": [
                "af72302f-c4ad-4615-8b8e-46383aa52d01",
                "61acbd8d-1c96-4099-93e9-f4ab1aba79bd",
                "a67af4a2-a381-4e50-a1e1-82a76635f715"
              ],
              "failures": [],
              "pending": [],
              "skipped": [],
              "duration": 572,
              "root": false,
              "rootEmpty": false,
              "_timeout": 2000
            },
            {
              "uuid": "cc2ee698-31bf-4d08-beb8-39b136a3c68c",
              "title": "15 - Crie uma textarea com o id `textarea` e uma label com a classe `textarea` contendo o número máximo de caracteres igual à 500",
              "fullFile": "",
              "file": "",
              "beforeHooks": [],
              "afterHooks": [],
              "tests": [
                {
                  "title": "Uma label com a classe textarea e o texto \"Deixe seu comentário:\" deverá ser criado\" ",
                  "fullTitle": "Trybewarts 15 - Crie uma textarea com o id `textarea` e uma label com a classe `textarea` contendo o número máximo de caracteres igual à 500 Uma label com a classe textarea e o texto \"Deixe seu comentário:\" deverá ser criado\" ",
                  "timedOut": null,
                  "duration": 156,
                  "state": "passed",
                  "speed": "slow",
                  "pass": true,
                  "fail": false,
                  "pending": false,
                  "context": null,
                  "code": "cy.get('.textarea').contains(LABEL_TEXTAREA);",
                  "err": {},
                  "uuid": "aaa690ec-c99b-4700-bf01-4438e62ab309",
                  "parentUUID": "cc2ee698-31bf-4d08-beb8-39b136a3c68c",
                  "isHook": false,
                  "skipped": false
                },
                {
                  "title": "O campo textarea deverá ter o máximo de 500 caracteres",
                  "fullTitle": "Trybewarts 15 - Crie uma textarea com o id `textarea` e uma label com a classe `textarea` contendo o número máximo de caracteres igual à 500 O campo textarea deverá ter o máximo de 500 caracteres",
                  "timedOut": null,
                  "duration": 10789,
                  "state": "passed",
                  "speed": "slow",
                  "pass": true,
                  "fail": false,
                  "pending": false,
                  "context": null,
                  "code": "cy.get('textarea').type('text'.repeat(200));\ncy.get('textarea').invoke('val').should(function (value) {\n  expect(value).to.match(/^[a-z]{500}$/);\n});",
                  "err": {},
                  "uuid": "c22977c1-8914-4547-8234-a8072dbac70f",
                  "parentUUID": "cc2ee698-31bf-4d08-beb8-39b136a3c68c",
                  "isHook": false,
                  "skipped": false
                }
              ],
              "suites": [],
              "passes": [
                "aaa690ec-c99b-4700-bf01-4438e62ab309",
                "c22977c1-8914-4547-8234-a8072dbac70f"
              ],
              "failures": [],
              "pending": [],
              "skipped": [],
              "duration": 10945,
              "root": false,
              "rootEmpty": false,
              "_timeout": 2000
            },
            {
              "uuid": "bcd6839b-aa6e-4f0b-8751-d2afc1ca4635",
              "title": "16 - Crie um campo de entrada do tipo `checkbox` com o id `agreement` para validar as informações",
              "fullFile": "",
              "file": "",
              "beforeHooks": [],
              "afterHooks": [],
              "tests": [
                {
                  "title": "Uma label com o id \"label-infos\" deve possuir o texto \"Você concorda com o uso das informações acima?\"",
                  "fullTitle": "Trybewarts 16 - Crie um campo de entrada do tipo `checkbox` com o id `agreement` para validar as informações Uma label com o id \"label-infos\" deve possuir o texto \"Você concorda com o uso das informações acima?\"",
                  "timedOut": null,
                  "duration": 188,
                  "state": "passed",
                  "speed": "slow",
                  "pass": true,
                  "fail": false,
                  "pending": false,
                  "context": null,
                  "code": "cy.get('label#label-infos').should('exist').contains('Você concorda com o uso das informações acima?');",
                  "err": {},
                  "uuid": "c9b3e756-a338-4de0-8904-d2b5e72ae2a2",
                  "parentUUID": "bcd6839b-aa6e-4f0b-8751-d2afc1ca4635",
                  "isHook": false,
                  "skipped": false
                },
                {
                  "title": "Um input do tipo checkbox deve existir e deve possuir o id \"agreement\"",
                  "fullTitle": "Trybewarts 16 - Crie um campo de entrada do tipo `checkbox` com o id `agreement` para validar as informações Um input do tipo checkbox deve existir e deve possuir o id \"agreement\"",
                  "timedOut": null,
                  "duration": 165,
                  "state": "passed",
                  "speed": "slow",
                  "pass": true,
                  "fail": false,
                  "pending": false,
                  "context": null,
                  "code": "cy.get('input#agreement[type=\"checkbox\"]').should('exist');",
                  "err": {},
                  "uuid": "5be22e73-3759-424d-9657-f064500b6536",
                  "parentUUID": "bcd6839b-aa6e-4f0b-8751-d2afc1ca4635",
                  "isHook": false,
                  "skipped": false
                }
              ],
              "suites": [],
              "passes": [
                "c9b3e756-a338-4de0-8904-d2b5e72ae2a2",
                "5be22e73-3759-424d-9657-f064500b6536"
              ],
              "failures": [],
              "pending": [],
              "skipped": [],
              "duration": 353,
              "root": false,
              "rootEmpty": false,
              "_timeout": 2000
            },
            {
              "uuid": "7222da79-c46b-48b8-b93d-000084c6c42b",
              "title": "17 - Crie um botão de Enviar para submeter o formulário",
              "fullFile": "",
              "file": "",
              "beforeHooks": [],
              "afterHooks": [],
              "tests": [
                {
                  "title": "Deve existir um botão com o id \"submit-btn\" e o texto \"Enviar\"",
                  "fullTitle": "Trybewarts 17 - Crie um botão de Enviar para submeter o formulário Deve existir um botão com o id \"submit-btn\" e o texto \"Enviar\"",
                  "timedOut": null,
                  "duration": 188,
                  "state": "passed",
                  "speed": "slow",
                  "pass": true,
                  "fail": false,
                  "pending": false,
                  "context": null,
                  "code": "cy.get('button#submit-btn[type=\"submit\"]').should('exist').should('have.text', 'Enviar');",
                  "err": {},
                  "uuid": "e77d3c2c-cc65-45bc-a205-3c8c116d39ba",
                  "parentUUID": "7222da79-c46b-48b8-b93d-000084c6c42b",
                  "isHook": false,
                  "skipped": false
                }
              ],
              "suites": [],
              "passes": [
                "e77d3c2c-cc65-45bc-a205-3c8c116d39ba"
              ],
              "failures": [],
              "pending": [],
              "skipped": [],
              "duration": 188,
              "root": false,
              "rootEmpty": false,
              "_timeout": 2000
            },
            {
              "uuid": "eba4eaa5-f5da-4cf9-9bbb-4d5005ee9561",
              "title": "18 - Faça com que o botão `Enviar` seja habilitado somente após a checkbox do requisito 16 ser selecionada",
              "fullFile": "",
              "file": "",
              "beforeHooks": [],
              "afterHooks": [],
              "tests": [
                {
                  "title": "O botão deve inicialmente estar desabilitado",
                  "fullTitle": "Trybewarts 18 - Faça com que o botão `Enviar` seja habilitado somente após a checkbox do requisito 16 ser selecionada O botão deve inicialmente estar desabilitado",
                  "timedOut": null,
                  "duration": 198,
                  "state": "passed",
                  "speed": "slow",
                  "pass": true,
                  "fail": false,
                  "pending": false,
                  "context": null,
                  "code": "cy.get('button#submit-btn').should('be.disabled');",
                  "err": {},
                  "uuid": "39db1ccb-1d88-42bb-b9ff-425165239c20",
                  "parentUUID": "eba4eaa5-f5da-4cf9-9bbb-4d5005ee9561",
                  "isHook": false,
                  "skipped": false
                },
                {
                  "title": "Ao marcar o campo de confirmação, o botão de Enviar deve ser habilitado",
                  "fullTitle": "Trybewarts 18 - Faça com que o botão `Enviar` seja habilitado somente após a checkbox do requisito 16 ser selecionada Ao marcar o campo de confirmação, o botão de Enviar deve ser habilitado",
                  "timedOut": null,
                  "duration": 334,
                  "state": "passed",
                  "speed": "slow",
                  "pass": true,
                  "fail": false,
                  "pending": false,
                  "context": null,
                  "code": "cy.get('input#agreement').check();\ncy.get('button#submit-btn').should('not.be.disabled');",
                  "err": {},
                  "uuid": "e513d113-6ad8-46ec-a595-a8d90ba94721",
                  "parentUUID": "eba4eaa5-f5da-4cf9-9bbb-4d5005ee9561",
                  "isHook": false,
                  "skipped": false
                }
              ],
              "suites": [],
              "passes": [
                "39db1ccb-1d88-42bb-b9ff-425165239c20",
                "e513d113-6ad8-46ec-a595-a8d90ba94721"
              ],
              "failures": [],
              "pending": [],
              "skipped": [],
              "duration": 532,
              "root": false,
              "rootEmpty": false,
              "_timeout": 2000
            },
            {
              "uuid": "3a0c2b1f-91c1-43d3-a640-e9a6ea72e4cb",
              "title": "19 - Crie um rodapé no final da página",
              "fullFile": "",
              "file": "",
              "beforeHooks": [],
              "afterHooks": [],
              "tests": [
                {
                  "title": "O rodapé deve conter o texto \"Direitos reservados à Trybewarts©\"",
                  "fullTitle": "Trybewarts 19 - Crie um rodapé no final da página O rodapé deve conter o texto \"Direitos reservados à Trybewarts©\"",
                  "timedOut": null,
                  "duration": 179,
                  "state": "passed",
                  "speed": "slow",
                  "pass": true,
                  "fail": false,
                  "pending": false,
                  "context": null,
                  "code": "cy.get('footer').should('exist').contains('Direitos reservados à Trybewarts©');",
                  "err": {},
                  "uuid": "b0e095b0-8838-4bfc-8b55-3d2e996f6f12",
                  "parentUUID": "3a0c2b1f-91c1-43d3-a640-e9a6ea72e4cb",
                  "isHook": false,
                  "skipped": false
                }
              ],
              "suites": [],
              "passes": [
                "b0e095b0-8838-4bfc-8b55-3d2e996f6f12"
              ],
              "failures": [],
              "pending": [],
              "skipped": [],
              "duration": 179,
              "root": false,
              "rootEmpty": false,
              "_timeout": 2000
            },
            {
              "uuid": "c1aa74e9-f02a-4e00-aeb3-dd2935ca0875",
              "title": "20 - Crie um contador com o ID `counter` contendo o número de caracteres disponíveis no textarea, variando de 500 até 0, que deverá ser atualizado a medida que algo for digitado na textarea",
              "fullFile": "",
              "file": "",
              "beforeHooks": [],
              "afterHooks": [],
              "tests": [
                {
                  "title": "Deve existir um contador com o ID \"counter\"",
                  "fullTitle": "Trybewarts 20 - Crie um contador com o ID `counter` contendo o número de caracteres disponíveis no textarea, variando de 500 até 0, que deverá ser atualizado a medida que algo for digitado na textarea Deve existir um contador com o ID \"counter\"",
                  "timedOut": null,
                  "duration": 175,
                  "state": "passed",
                  "speed": "slow",
                  "pass": true,
                  "fail": false,
                  "pending": false,
                  "context": null,
                  "code": "cy.get('#counter').should('exist');",
                  "err": {},
                  "uuid": "bcbdd823-4fd7-4cfa-9ac0-1aacc21f2499",
                  "parentUUID": "c1aa74e9-f02a-4e00-aeb3-dd2935ca0875",
                  "isHook": false,
                  "skipped": false
                },
                {
                  "title": "O contador de caracteres deve ser atualizado conforme o conteúdo do textarea muda.",
                  "fullTitle": "Trybewarts 20 - Crie um contador com o ID `counter` contendo o número de caracteres disponíveis no textarea, variando de 500 até 0, que deverá ser atualizado a medida que algo for digitado na textarea O contador de caracteres deve ser atualizado conforme o conteúdo do textarea muda.",
                  "timedOut": null,
                  "duration": 907,
                  "state": "passed",
                  "speed": "slow",
                  "pass": true,
                  "fail": false,
                  "pending": false,
                  "context": null,
                  "code": "cy.get('#counter').contains('500');\ncy.get('#textarea').type('Salve salve família');\ncy.get('#counter').contains('481');\ncy.get('#textarea').clear();\ncy.get('#counter').should('contain', '500');\ncy.get('#textarea').type('Salve salve');\ncy.get('#counter').should('contain', '489');",
                  "err": {},
                  "uuid": "59f1288e-dacb-4f0d-8e18-8289a2d40d3b",
                  "parentUUID": "c1aa74e9-f02a-4e00-aeb3-dd2935ca0875",
                  "isHook": false,
                  "skipped": false
                }
              ],
              "suites": [],
              "passes": [
                "bcbdd823-4fd7-4cfa-9ac0-1aacc21f2499",
                "59f1288e-dacb-4f0d-8e18-8289a2d40d3b"
              ],
              "failures": [],
              "pending": [],
              "skipped": [],
              "duration": 1082,
              "root": false,
              "rootEmpty": false,
              "_timeout": 2000
            },
            {
              "uuid": "b8ffb353-e50d-4dc6-be5a-b36f4e4bbd3b",
              "title": "21 - Faça com que ao clicar no botão `Enviar`, o conteúdo do formulário seja substituído pelas informações preenchidas",
              "fullFile": "",
              "file": "",
              "beforeHooks": [],
              "afterHooks": [],
              "tests": [
                {
                  "title": "Deve haver um texto no modelo \"Nome: John Doe\" (substitua John Doe pelo nome e sobrenome preenchido no formulário)",
                  "fullTitle": "Trybewarts 21 - Faça com que ao clicar no botão `Enviar`, o conteúdo do formulário seja substituído pelas informações preenchidas Deve haver um texto no modelo \"Nome: John Doe\" (substitua John Doe pelo nome e sobrenome preenchido no formulário)",
                  "timedOut": null,
                  "duration": 2354,
                  "state": "passed",
                  "speed": "slow",
                  "pass": true,
                  "fail": false,
                  "pending": false,
                  "context": null,
                  "code": "cy.get('#evaluation-form').contains(\"Nome: \".concat(firstName, \" \").concat(lastName));",
                  "err": {},
                  "uuid": "a925b118-4869-4ec3-95bf-94c5be6b7760",
                  "parentUUID": "b8ffb353-e50d-4dc6-be5a-b36f4e4bbd3b",
                  "isHook": false,
                  "skipped": false
                },
                {
                  "title": "Deve haver um texto no modelo \"Email: alguem@email.com\"",
                  "fullTitle": "Trybewarts 21 - Faça com que ao clicar no botão `Enviar`, o conteúdo do formulário seja substituído pelas informações preenchidas Deve haver um texto no modelo \"Email: alguem@email.com\"",
                  "timedOut": null,
                  "duration": 2277,
                  "state": "passed",
                  "speed": "slow",
                  "pass": true,
                  "fail": false,
                  "pending": false,
                  "context": null,
                  "code": "cy.get('#evaluation-form').contains(\"Email: \".concat(email));",
                  "err": {},
                  "uuid": "a40c066e-9fea-43a8-ae98-f1b9ec3a4aef",
                  "parentUUID": "b8ffb353-e50d-4dc6-be5a-b36f4e4bbd3b",
                  "isHook": false,
                  "skipped": false
                },
                {
                  "title": "Deve haver um texto no modelo \"Casa: -Casa marcada-\"",
                  "fullTitle": "Trybewarts 21 - Faça com que ao clicar no botão `Enviar`, o conteúdo do formulário seja substituído pelas informações preenchidas Deve haver um texto no modelo \"Casa: -Casa marcada-\"",
                  "timedOut": null,
                  "duration": 2362,
                  "state": "passed",
                  "speed": "slow",
                  "pass": true,
                  "fail": false,
                  "pending": false,
                  "context": null,
                  "code": "cy.get('#evaluation-form').contains(\"Casa: \".concat(house));",
                  "err": {},
                  "uuid": "b7961d55-ae7c-4c57-a278-6b787b1fec88",
                  "parentUUID": "b8ffb353-e50d-4dc6-be5a-b36f4e4bbd3b",
                  "isHook": false,
                  "skipped": false
                },
                {
                  "title": "Deve haver um texto no modelo \"Família: -Família marcada-\"",
                  "fullTitle": "Trybewarts 21 - Faça com que ao clicar no botão `Enviar`, o conteúdo do formulário seja substituído pelas informações preenchidas Deve haver um texto no modelo \"Família: -Família marcada-\"",
                  "timedOut": null,
                  "duration": 2315,
                  "state": "passed",
                  "speed": "slow",
                  "pass": true,
                  "fail": false,
                  "pending": false,
                  "context": null,
                  "code": "cy.get('#evaluation-form').contains(\"Fam\\xEDlia: \".concat(family));",
                  "err": {},
                  "uuid": "da2fe389-b747-47b5-ad70-3846981579c3",
                  "parentUUID": "b8ffb353-e50d-4dc6-be5a-b36f4e4bbd3b",
                  "isHook": false,
                  "skipped": false
                },
                {
                  "title": "Deve haver um texto no modelo \"Matérias: -Matérias marcadas-\"",
                  "fullTitle": "Trybewarts 21 - Faça com que ao clicar no botão `Enviar`, o conteúdo do formulário seja substituído pelas informações preenchidas Deve haver um texto no modelo \"Matérias: -Matérias marcadas-\"",
                  "timedOut": null,
                  "duration": 2283,
                  "state": "passed",
                  "speed": "slow",
                  "pass": true,
                  "fail": false,
                  "pending": false,
                  "context": null,
                  "code": "cy.get('#evaluation-form').contains('Matérias: Jest, React, SQL');",
                  "err": {},
                  "uuid": "7d2354e2-62f6-43e1-96e4-2cf5ef3ef037",
                  "parentUUID": "b8ffb353-e50d-4dc6-be5a-b36f4e4bbd3b",
                  "isHook": false,
                  "skipped": false
                },
                {
                  "title": "Deve haver um texto no modelo \"Avaliação: -Nota marcada-\"",
                  "fullTitle": "Trybewarts 21 - Faça com que ao clicar no botão `Enviar`, o conteúdo do formulário seja substituído pelas informações preenchidas Deve haver um texto no modelo \"Avaliação: -Nota marcada-\"",
                  "timedOut": null,
                  "duration": 2273,
                  "state": "passed",
                  "speed": "slow",
                  "pass": true,
                  "fail": false,
                  "pending": false,
                  "context": null,
                  "code": "cy.get('#evaluation-form').contains(\"Avalia\\xE7\\xE3o: \".concat(rate));",
                  "err": {},
                  "uuid": "360ed90a-ea3a-49f1-a774-313907b40646",
                  "parentUUID": "b8ffb353-e50d-4dc6-be5a-b36f4e4bbd3b",
                  "isHook": false,
                  "skipped": false
                },
                {
                  "title": "Deve haver um texto no modelo \"Observações: -Texto preenchido-\"",
                  "fullTitle": "Trybewarts 21 - Faça com que ao clicar no botão `Enviar`, o conteúdo do formulário seja substituído pelas informações preenchidas Deve haver um texto no modelo \"Observações: -Texto preenchido-\"",
                  "timedOut": null,
                  "duration": 2312,
                  "state": "passed",
                  "speed": "slow",
                  "pass": true,
                  "fail": false,
                  "pending": false,
                  "context": null,
                  "code": "cy.get('#evaluation-form').contains(\"Observa\\xE7\\xF5es: \".concat(observation));",
                  "err": {},
                  "uuid": "a8ad1c4d-444f-45c3-999d-eb27cf339576",
                  "parentUUID": "b8ffb353-e50d-4dc6-be5a-b36f4e4bbd3b",
                  "isHook": false,
                  "skipped": false
                }
              ],
              "suites": [],
              "passes": [
                "a925b118-4869-4ec3-95bf-94c5be6b7760",
                "a40c066e-9fea-43a8-ae98-f1b9ec3a4aef",
                "b7961d55-ae7c-4c57-a278-6b787b1fec88",
                "da2fe389-b747-47b5-ad70-3846981579c3",
                "7d2354e2-62f6-43e1-96e4-2cf5ef3ef037",
                "360ed90a-ea3a-49f1-a774-313907b40646",
                "a8ad1c4d-444f-45c3-999d-eb27cf339576"
              ],
              "failures": [],
              "pending": [],
              "skipped": [],
              "duration": 16176,
              "root": false,
              "rootEmpty": false,
              "_timeout": 2000
            }
          ],
          "passes": [],
          "failures": [],
          "pending": [],
          "skipped": [],
          "duration": 0,
          "root": false,
          "rootEmpty": false,
          "_timeout": 2000
        }
      ],
      "passes": [],
      "failures": [],
      "pending": [],
      "skipped": [],
      "duration": 0,
      "root": true,
      "rootEmpty": true,
      "_timeout": 2000
    }
  ],
  "meta": {
    "mocha": {
      "version": "7.0.1"
    },
    "mochawesome": {
      "options": {
        "quiet": false,
        "reportFilename": "mochawesome",
        "saveHtml": false,
        "saveJson": true,
        "consoleReporter": "spec",
        "useInlineDiffs": false,
        "code": true
      },
      "version": "6.2.2"
    },
    "marge": {
      "options": {
        "id": "default",
        "reportDir": "cypress/reports",
        "overwrite": false,
        "html": false,
        "json": true
      },
      "version": "5.2.0"
    }
  }
}